<?xml version="1.0" ?>
<!DOCTYPE coverage
  SYSTEM 'http://cobertura.sourceforge.net/xml/coverage-04.dtd'>
<coverage branch-rate="0.275862068966" branches-covered="16" branches-valid="58" complexity="0.0" line-rate="0.491525423729" lines-covered="29" lines-valid="59" timestamp="1589084188" version="gcovr 3.4">
<sources>
<source>/home/bowen/share/cpp/project/helloworld/example</source>
</sources>
<packages>
<package branch-rate="0.0625" complexity="0.0" line-rate="0.27027027027" name="external.googletest.include.gtest">
<classes>
<class branch-rate="0.0" complexity="0.0" filename="external/googletest/include/gtest/gtest-message.h" line-rate="1.0" name="gtest-message_h">
<methods/>
<lines>
<line branch="false" hits="86" number="85"/>
</lines>
</class>
<class branch-rate="0.0" complexity="0.0" filename="external/googletest/include/gtest/gtest-printers.h" line-rate="0.0" name="gtest-printers_h">
<methods/>
<lines>
<line branch="false" hits="0" number="222"/>
<line branch="false" hits="0" number="249"/>
<line branch="false" hits="0" number="275"/>
<line branch="false" hits="0" number="276"/>
<line branch="false" hits="0" number="349"/>
<line branch="false" hits="0" number="351"/>
<line branch="false" hits="0" number="436"/>
<line branch="false" hits="0" number="439"/>
<line branch="false" hits="0" number="454"/>
<line branch="true" condition-coverage="0% (0/2)" hits="0" number="477">
<conditions>
<condition coverage="0%" number="0" type="jump"/>
</conditions>
</line>
<line branch="false" hits="0" number="698"/>
<line branch="false" hits="0" number="707"/>
<line branch="false" hits="0" number="783"/>
<line branch="false" hits="0" number="784"/>
<line branch="false" hits="0" number="852"/>
<line branch="false" hits="0" number="856"/>
<line branch="false" hits="0" number="980"/>
<line branch="true" condition-coverage="0% (0/2)" hits="0" number="981">
<conditions>
<condition coverage="0%" number="0" type="jump"/>
</conditions>
</line>
<line branch="true" condition-coverage="0% (0/2)" hits="0" number="982">
<conditions>
<condition coverage="0%" number="0" type="jump"/>
</conditions>
</line>
<line branch="true" condition-coverage="0% (0/2)" hits="0" number="983">
<conditions>
<condition coverage="0%" number="0" type="jump"/>
</conditions>
</line>
</lines>
</class>
<class branch-rate="0.125" complexity="0.0" filename="external/googletest/include/gtest/gtest.h" line-rate="0.5625" name="gtest_h">
<methods/>
<lines>
<line branch="false" hits="2" number="256"/>
<line branch="false" hits="2" number="288"/>
<line branch="false" hits="0" number="297"/>
<line branch="true" condition-coverage="0% (0/2)" hits="0" number="298">
<conditions>
<condition coverage="0%" number="0" type="jump"/>
</conditions>
</line>
<line branch="false" hits="0" number="302"/>
<line branch="false" hits="2" number="389"/>
<line branch="false" hits="2" number="397"/>
<line branch="false" hits="0" number="474"/>
<line branch="false" hits="0" number="1375"/>
<line branch="true" condition-coverage="0% (0/4)" hits="0" number="1382">
<conditions>
<condition coverage="0%" number="0" type="jump"/>
</conditions>
</line>
<line branch="false" hits="2" number="1387"/>
<line branch="true" condition-coverage="50% (1/2)" hits="2" number="1392">
<conditions>
<condition coverage="50%" number="0" type="jump"/>
</conditions>
</line>
<line branch="false" hits="2" number="1393"/>
<line branch="false" hits="0" number="1397"/>
<line branch="false" hits="2" number="1417"/>
<line branch="false" hits="2" number="1421"/>
</lines>
</class>
</classes>
</package>
<package branch-rate="0.357142857143" complexity="0.0" line-rate="0.8125" name="external.googletest.include.gtest.internal">
<classes>
<class branch-rate="0.5" complexity="0.0" filename="external/googletest/include/gtest/internal/gtest-internal.h" line-rate="0.857142857143" name="gtest-internal_h">
<methods/>
<lines>
<line branch="false" hits="2" number="466"/>
<line branch="false" hits="2" number="473"/>
<line branch="false" hits="6" number="482"/>
<line branch="true" condition-coverage="50% (1/2)" hits="2" number="484">
<conditions>
<condition coverage="50%" number="0" type="jump"/>
</conditions>
</line>
<line branch="false" hits="6" number="504"/>
<line branch="false" hits="2" number="505"/>
<line branch="false" hits="0" number="940"/>
</lines>
</class>
<class branch-rate="0.333333333333" complexity="0.0" filename="external/googletest/include/gtest/internal/gtest-port.h" line-rate="0.777777777778" name="gtest-port_h">
<methods/>
<lines>
<line branch="false" hits="88" number="1120"/>
<line branch="false" hits="0" number="1123"/>
<line branch="false" hits="0" number="1124"/>
<line branch="false" hits="88" number="1132"/>
<line branch="true" condition-coverage="50% (2/4)" hits="88" number="1133">
<conditions>
<condition coverage="50%" number="0" type="jump"/>
</conditions>
</line>
<line branch="true" condition-coverage="25% (1/4)" hits="86" number="1134">
<conditions>
<condition coverage="25%" number="0" type="jump"/>
</conditions>
</line>
<line branch="true" condition-coverage="25% (1/4)" hits="86" number="1135">
<conditions>
<condition coverage="25%" number="0" type="jump"/>
</conditions>
</line>
<line branch="false" hits="86" number="1137"/>
<line branch="false" hits="88" number="1139"/>
</lines>
</class>
</classes>
</package>
<package branch-rate="0.357142857143" complexity="0.0" line-rate="1.0" name="test">
<classes>
<class branch-rate="0.357142857143" complexity="0.0" filename="test/add_numbers.cpp" line-rate="1.0" name="add_numbers_cpp">
<methods/>
<lines>
<line branch="true" condition-coverage="50% (3/6)" hits="10" number="4">
<conditions>
<condition coverage="50%" number="0" type="jump"/>
</conditions>
</line>
<line branch="false" hits="2" number="5"/>
<line branch="false" hits="2" number="6"/>
<line branch="true" condition-coverage="50% (1/2)" hits="2" number="7">
<conditions>
<condition coverage="50%" number="0" type="jump"/>
</conditions>
</line>
<line branch="true" condition-coverage="25% (4/16)" hits="2" number="8">
<conditions>
<condition coverage="25%" number="0" type="jump"/>
</conditions>
</line>
<line branch="true" condition-coverage="50% (2/4)" hits="6" number="9">
<conditions>
<condition coverage="50%" number="0" type="jump"/>
</conditions>
</line>
</lines>
</class>
</classes>
</package>
</packages>
</coverage>

